-------------------------------------------------------------------------------
Test set: tests.telecommunications.positive.MobilePhoneReplenishmentPositiveTest
-------------------------------------------------------------------------------
Tests run: 2, Failures: 1, Errors: 0, Skipped: 0, Time elapsed: 19.373 s <<< FAILURE! - in tests.telecommunications.positive.MobilePhoneReplenishmentPositiveTest
checkMinimumReplenishmentAmount  Time elapsed: 13.772 s  <<< FAILURE!
com.codeborne.selenide.ex.ElementNotFound: 
Element not found {by text: Mobile payment. Phone number +380686979712}
Expected: visible
Screenshot: file:/C:/Users/Егор/IdeaProjects/untitled33/build/reports/tests/1635327097860.0.png
Page source: file:/C:/Users/Егор/IdeaProjects/untitled33/build/reports/tests/1635327097860.0.html
Timeout: 4 s.
Caused by: NoSuchElementException: no such element: Unable to locate element: {"method":"xpath","selector":".//*/text()[normalize-space(translate(string(.), '
	at tests.telecommunications.positive.MobilePhoneReplenishmentPositiveTest.checkMinimumReplenishmentAmount(MobilePhoneReplenishmentPositiveTest.java:25)
Caused by: org.openqa.selenium.NoSuchElementException: 
no such element: Unable to locate element: {"method":"xpath","selector":".//*/text()[normalize-space(translate(string(.), '	
 ', '    ')) = "Mobile payment. Phone number +380686979712"]/parent::*"}
  (Session info: chrome=95.0.4638.54)
For documentation on this error, please visit: https://selenium.dev/exceptions/#no_such_element
Build info: version: '4.0.0', revision: '3a21814679'
System info: host: 'WIN-VT97KTTDIEI', ip: '172.20.10.4', os.name: 'Windows 10', os.arch: 'amd64', os.version: '10.0', java.version: '1.8.0_302'
Driver info: org.openqa.selenium.chrome.ChromeDriver
Command: [617392a9bbd7ab2a59fd592dcb5dde48, findElement {using=xpath, value=.//*/text()[normalize-space(translate(string(.), '	
 ', '    ')) = "Mobile payment. Phone number +380686979712"]/parent::*}]
Capabilities {acceptInsecureCerts: true, browserName: chrome, browserVersion: 95.0.4638.54, chrome: {chromedriverVersion: 95.0.4638.17 (a9d0719444d4b..., userDataDir: C:\Users\A946~1\AppData\Loc...}, goog:chromeOptions: {debuggerAddress: localhost:62722}, javascriptEnabled: true, networkConnectionEnabled: false, pageLoadStrategy: normal, platform: WINDOWS, platformName: WINDOWS, proxy: Proxy(), se:cdp: ws://localhost:62722/devtoo..., se:cdpVersion: 95.0.4638.54, setWindowRect: true, strictFileInteractability: false, timeouts: {implicit: 0, pageLoad: 300000, script: 30000}, unhandledPromptBehavior: dismiss and notify, webauthn:extension:credBlob: true, webauthn:extension:largeBlob: true, webauthn:virtualAuthenticators: true}
Session ID: 617392a9bbd7ab2a59fd592dcb5dde48
	at tests.telecommunications.positive.MobilePhoneReplenishmentPositiveTest.checkMinimumReplenishmentAmount(MobilePhoneReplenishmentPositiveTest.java:25)

